IQ-TREE multicore version 2.3.6 for Linux x86 64-bit built Aug  4 2024
Developed by Bui Quang Minh, Nguyen Lam Tung, Olga Chernomor, Heiko Schmidt,
Dominik Schrempf, Michael Woodhams, Ly Trong Nhan, Thomas Wong

Host:    node6.int.eagle-v2.cidgoh.ca (AVX2, FMA3, 88 GB RAM)
Command: iqtree2 -ntmax 1 -s results/alignment_brazil-delim.fasta -m GTR -ninit 2 -n 2 -me 0.05 -nt AUTO -redo
Seed:    819474 (Using SPRNG - Scalable Parallel Random Number Generator)
Time:    Sun Nov  3 21:13:01 2024
Kernel:  AVX+FMA - auto-detect threads (8 CPU cores detected)

Reading alignment file results/alignment_brazil-delim.fasta ... Fasta format detected
Reading fasta file: done in 0.0779017 secs using 87.9% CPU
Alignment most likely contains DNA/RNA sequences
Alignment has 166 sequences with 29903 columns, 1666 distinct patterns
331 parsimony-informative, 442 singleton sites, 29130 constant sites
                                                                                                                            Gap/Ambiguity  Composition  p-value
Analyzing sequences: done in 0.00014542 secs using 218.7% CPU
   1  MN908947.3                                                                                                                    0.00%    passed     95.65%
   2  hCoV-19_DELIM-SEPHHWHNTEITAPTGMFYG_Brazil_DELIM-SEPHHWHNTEITAPTGMFYG_RS-LGBM-HMV-01-0024-F_DELIM-SEPHHWHNTEITAPTGMFYG_2022    1.05%    passed     99.88%
   3  hCoV-19_DELIM-SEPHHWHNTEITAPTGMFYG_Brazil_DELIM-SEPHHWHNTEITAPTGMFYG_RS-LGBM-HMV-01-0199-F_DELIM-SEPHHWHNTEITAPTGMFYG_2022    4.19%    passed     98.17%
   4  hCoV-19_DELIM-SEPHHWHNTEITAPTGMFYG_Brazil_DELIM-SEPHHWHNTEITAPTGMFYG_RS-LGBM-HMV-01-0097-F_DELIM-SEPHHWHNTEITAPTGMFYG_2022    1.29%    passed     99.99%
   5  hCoV-19_DELIM-SEPHHWHNTEITAPTGMFYG_Brazil_DELIM-SEPHHWHNTEITAPTGMFYG_RS-LGBM-HMV-01-0057-P_DELIM-SEPHHWHNTEITAPTGMFYG_2022    1.28%    passed    100.00%
   6  hCoV-19_DELIM-SEPHHWHNTEITAPTGMFYG_Brazil_DELIM-SEPHHWHNTEITAPTGMFYG_RS-LGBM-HMV-01-0084-F_DELIM-SEPHHWHNTEITAPTGMFYG_2022    2.31%    passed     99.88%
   7  hCoV-19_DELIM-SEPHHWHNTEITAPTGMFYG_Brazil_DELIM-SEPHHWHNTEITAPTGMFYG_RS-LGBM-HMV-01-0118-P_DELIM-SEPHHWHNTEITAPTGMFYG_2022    1.51%    passed    100.00%
   8  hCoV-19_DELIM-SEPHHWHNTEITAPTGMFYG_Brazil_DELIM-SEPHHWHNTEITAPTGMFYG_RS-LGBM-HMV-0124F_DELIM-SEPHHWHNTEITAPTGMFYG_2022        2.32%    passed     99.92%
   9  hCoV-19_DELIM-SEPHHWHNTEITAPTGMFYG_Brazil_DELIM-SEPHHWHNTEITAPTGMFYG_RS-LGBM-HMV-01-0065-F_DELIM-SEPHHWHNTEITAPTGMFYG_2022    1.28%    passed    100.00%
  10  hCoV-19_DELIM-SEPHHWHNTEITAPTGMFYG_Brazil_DELIM-SEPHHWHNTEITAPTGMFYG_RS-LGBM-HMV-01-0113-F_DELIM-SEPHHWHNTEITAPTGMFYG_2022    1.51%    passed    100.00%
  11  hCoV-19_DELIM-SEPHHWHNTEITAPTGMFYG_Brazil_DELIM-SEPHHWHNTEITAPTGMFYG_RS-LACENRS-431812782_DELIM-SEPHHWHNTEITAPTGMFYG_2022     0.50%    passed     99.98%
  12  hCoV-19_DELIM-SEPHHWHNTEITAPTGMFYG_Brazil_DELIM-SEPHHWHNTEITAPTGMFYG_RS-FIOCRUZ-28705_DELIM-SEPHHWHNTEITAPTGMFYG_2022         0.54%    passed     99.96%
  13  hCoV-19_DELIM-SEPHHWHNTEITAPTGMFYG_Brazil_DELIM-SEPHHWHNTEITAPTGMFYG_RS-LGBM-HMV-01-0061-F_DELIM-SEPHHWHNTEITAPTGMFYG_2022    1.28%    passed     99.97%
  14  hCoV-19_DELIM-SEPHHWHNTEITAPTGMFYG_Brazil_DELIM-SEPHHWHNTEITAPTGMFYG_RS-LGBM-HMV-0121P_DELIM-SEPHHWHNTEITAPTGMFYG_2022        2.28%    passed     99.87%
  15  hCoV-19_DELIM-SEPHHWHNTEITAPTGMFYG_Brazil_DELIM-SEPHHWHNTEITAPTGMFYG_RS-LGBM-HMV-01-0116-F_DELIM-SEPHHWHNTEITAPTGMFYG_2022    1.28%    passed     99.96%
  16  hCoV-19_DELIM-SEPHHWHNTEITAPTGMFYG_Brazil_DELIM-SEPHHWHNTEITAPTGMFYG_RS-LGBM-HMV-01-0063-F_DELIM-SEPHHWHNTEITAPTGMFYG_2022    1.83%    passed     99.99%
  17  hCoV-19_DELIM-SEPHHWHNTEITAPTGMFYG_Brazil_DELIM-SEPHHWHNTEITAPTGMFYG_RS-LGBM-HMV-01-0086-F_DELIM-SEPHHWHNTEITAPTGMFYG_2022    1.29%    passed     99.99%
  18  hCoV-19_DELIM-SEPHHWHNTEITAPTGMFYG_Brazil_DELIM-SEPHHWHNTEITAPTGMFYG_RS-LGBM-HMV-01-0037-F_DELIM-SEPHHWHNTEITAPTGMFYG_2022    1.28%    passed     99.96%
  19  hCoV-19_DELIM-SEPHHWHNTEITAPTGMFYG_Brazil_DELIM-SEPHHWHNTEITAPTGMFYG_RS-LGBM-HMV-01-0083-F_DELIM-SEPHHWHNTEITAPTGMFYG_2022    1.60%    passed     99.97%
  20  hCoV-19_DELIM-SEPHHWHNTEITAPTGMFYG_Brazil_DELIM-SEPHHWHNTEITAPTGMFYG_RS-LMM73085_DELIM-SEPHHWHNTEITAPTGMFYG_2022              4.38%    passed     94.52%
  21  hCoV-19_DELIM-SEPHHWHNTEITAPTGMFYG_Brazil_DELIM-SEPHHWHNTEITAPTGMFYG_RS-120-66457-583_DELIM-SEPHHWHNTEITAPTGMFYG_2022         0.63%    passed     99.94%
  22  hCoV-19_DELIM-SEPHHWHNTEITAPTGMFYG_Brazil_DELIM-SEPHHWHNTEITAPTGMFYG_RS-CoV-0024_DELIM-SEPHHWHNTEITAPTGMFYG_2022              0.67%    passed     99.98%
  23  hCoV-19_DELIM-SEPHHWHNTEITAPTGMFYG_Brazil_DELIM-SEPHHWHNTEITAPTGMFYG_RS-FIOCRUZ-28703_DELIM-SEPHHWHNTEITAPTGMFYG_2022         0.51%    passed     99.96%
  24  hCoV-19_DELIM-SEPHHWHNTEITAPTGMFYG_Brazil_DELIM-SEPHHWHNTEITAPTGMFYG_RS-LACENRS-431827138_DELIM-SEPHHWHNTEITAPTGMFYG_2023     0.40%    passed     99.67%
  25  hCoV-19_DELIM-SEPHHWHNTEITAPTGMFYG_Brazil_DELIM-SEPHHWHNTEITAPTGMFYG_RS-LACENRS-431827095_DELIM-SEPHHWHNTEITAPTGMFYG_2023     0.68%    passed     99.94%
  26  hCoV-19_DELIM-SEPHHWHNTEITAPTGMFYG_Brazil_DELIM-SEPHHWHNTEITAPTGMFYG_RS-LACENRS-431827118_DELIM-SEPHHWHNTEITAPTGMFYG_2023     0.32%    passed     99.58%
  27  hCoV-19_DELIM-SEPHHWHNTEITAPTGMFYG_Brazil_DELIM-SEPHHWHNTEITAPTGMFYG_RS-CoV-0034_DELIM-SEPHHWHNTEITAPTGMFYG_2022              3.10%    passed     99.46%
  28  hCoV-19_DELIM-SEPHHWHNTEITAPTGMFYG_Brazil_DELIM-SEPHHWHNTEITAPTGMFYG_RS-LACENRS-431812805_DELIM-SEPHHWHNTEITAPTGMFYG_2022     0.38%    passed     99.83%
  29  hCoV-19_DELIM-SEPHHWHNTEITAPTGMFYG_Brazil_DELIM-SEPHHWHNTEITAPTGMFYG_RS-LACENRS-431812807_DELIM-SEPHHWHNTEITAPTGMFYG_2022     0.82%    passed     99.23%
  30  hCoV-19_DELIM-SEPHHWHNTEITAPTGMFYG_Brazil_DELIM-SEPHHWHNTEITAPTGMFYG_RS-LACENRS-431827147_DELIM-SEPHHWHNTEITAPTGMFYG_2023     4.97%    passed     81.56%
  31  hCoV-19_DELIM-SEPHHWHNTEITAPTGMFYG_Brazil_DELIM-SEPHHWHNTEITAPTGMFYG_RS-LACEN-431819547_DELIM-SEPHHWHNTEITAPTGMFYG_2023       1.98%    passed     96.43%
  32  hCoV-19_DELIM-SEPHHWHNTEITAPTGMFYG_Brazil_DELIM-SEPHHWHNTEITAPTGMFYG_RS-LACEN-431819582_DELIM-SEPHHWHNTEITAPTGMFYG_2023       1.68%    passed     95.52%
  33  hCoV-19_DELIM-SEPHHWHNTEITAPTGMFYG_Brazil_DELIM-SEPHHWHNTEITAPTGMFYG_RS-LACEN-431819567_DELIM-SEPHHWHNTEITAPTGMFYG_2023       4.09%    passed     97.58%
  34  hCoV-19_DELIM-SEPHHWHNTEITAPTGMFYG_Brazil_DELIM-SEPHHWHNTEITAPTGMFYG_RS-LACENRS-431827160_DELIM-SEPHHWHNTEITAPTGMFYG_2023     1.74%    passed     98.35%
  35  hCoV-19_DELIM-SEPHHWHNTEITAPTGMFYG_Brazil_DELIM-SEPHHWHNTEITAPTGMFYG_RS-LMM73175_DELIM-SEPHHWHNTEITAPTGMFYG_2022              0.11%    passed     99.67%
  36  hCoV-19_DELIM-SEPHHWHNTEITAPTGMFYG_Brazil_DELIM-SEPHHWHNTEITAPTGMFYG_RS-LMM73176_DELIM-SEPHHWHNTEITAPTGMFYG_2022              0.11%    passed     99.70%
  37  hCoV-19_DELIM-SEPHHWHNTEITAPTGMFYG_Brazil_DELIM-SEPHHWHNTEITAPTGMFYG_RS-LACENRS-431812848_DELIM-SEPHHWHNTEITAPTGMFYG_2022     0.32%    passed     99.75%
  38  hCoV-19_DELIM-SEPHHWHNTEITAPTGMFYG_Brazil_DELIM-SEPHHWHNTEITAPTGMFYG_RS-LACEN-431819605_DELIM-SEPHHWHNTEITAPTGMFYG_2023       0.41%    passed     99.88%
  39  hCoV-19_DELIM-SEPHHWHNTEITAPTGMFYG_Brazil_DELIM-SEPHHWHNTEITAPTGMFYG_RS-FIOCRUZ-451_DELIM-SEPHHWHNTEITAPTGMFYG_2023           2.67%    passed     99.01%
  40  hCoV-19_DELIM-SEPHHWHNTEITAPTGMFYG_Brazil_DELIM-SEPHHWHNTEITAPTGMFYG_RS-315-66468-92_DELIM-SEPHHWHNTEITAPTGMFYG_2022          0.64%    passed    100.00%
  41  hCoV-19_DELIM-SEPHHWHNTEITAPTGMFYG_Brazil_DELIM-SEPHHWHNTEITAPTGMFYG_RS-CoV-0053_DELIM-SEPHHWHNTEITAPTGMFYG_2023              1.45%    passed    100.00%
  42  hCoV-19_DELIM-SEPHHWHNTEITAPTGMFYG_Brazil_DELIM-SEPHHWHNTEITAPTGMFYG_RS-CoV-0057_DELIM-SEPHHWHNTEITAPTGMFYG_2023              0.63%    passed    100.00%
  43  hCoV-19_DELIM-SEPHHWHNTEITAPTGMFYG_Brazil_DELIM-SEPHHWHNTEITAPTGMFYG_RS-CoV-0054_DELIM-SEPHHWHNTEITAPTGMFYG_2023              0.64%    passed    100.00%
  44  hCoV-19_DELIM-SEPHHWHNTEITAPTGMFYG_Brazil_DELIM-SEPHHWHNTEITAPTGMFYG_RS-CoV-0129_DELIM-SEPHHWHNTEITAPTGMFYG_2023              0.64%    passed     99.99%
  45  hCoV-19_DELIM-SEPHHWHNTEITAPTGMFYG_Brazil_DELIM-SEPHHWHNTEITAPTGMFYG_RS-CoV-0118_DELIM-SEPHHWHNTEITAPTGMFYG_2023              0.64%    passed    100.00%
  46  hCoV-19_DELIM-SEPHHWHNTEITAPTGMFYG_Brazil_DELIM-SEPHHWHNTEITAPTGMFYG_RS-CoV-0067_DELIM-SEPHHWHNTEITAPTGMFYG_2023              3.10%    passed     99.89%
  47  hCoV-19_DELIM-SEPHHWHNTEITAPTGMFYG_Brazil_DELIM-SEPHHWHNTEITAPTGMFYG_RS-CoV-0100_DELIM-SEPHHWHNTEITAPTGMFYG_2023              3.10%    passed     99.78%
  48  hCoV-19_DELIM-SEPHHWHNTEITAPTGMFYG_Brazil_DELIM-SEPHHWHNTEITAPTGMFYG_RS-CoV-0225_DELIM-SEPHHWHNTEITAPTGMFYG_2023              0.64%    passed    100.00%
  49  hCoV-19_DELIM-SEPHHWHNTEITAPTGMFYG_Brazil_DELIM-SEPHHWHNTEITAPTGMFYG_RS-FIOCRUZ-449_DELIM-SEPHHWHNTEITAPTGMFYG_2023           0.52%    passed     99.95%
  50  hCoV-19_DELIM-SEPHHWHNTEITAPTGMFYG_Brazil_DELIM-SEPHHWHNTEITAPTGMFYG_RS-LACENRS-431827162_DELIM-SEPHHWHNTEITAPTGMFYG_2023     0.40%    passed     99.65%
  51  hCoV-19_DELIM-SEPHHWHNTEITAPTGMFYG_Brazil_DELIM-SEPHHWHNTEITAPTGMFYG_RS-FIOCRUZ-4098_DELIM-SEPHHWHNTEITAPTGMFYG_2023          0.75%    passed     99.92%
  52  hCoV-19_DELIM-SEPHHWHNTEITAPTGMFYG_Brazil_DELIM-SEPHHWHNTEITAPTGMFYG_RS-FIOCRUZ-4117_DELIM-SEPHHWHNTEITAPTGMFYG_2023          0.62%    passed     99.98%
  53  hCoV-19_DELIM-SEPHHWHNTEITAPTGMFYG_Brazil_DELIM-SEPHHWHNTEITAPTGMFYG_RS-315-66464-804_DELIM-SEPHHWHNTEITAPTGMFYG_2022         1.45%    passed    100.00%
  54  hCoV-19_DELIM-SEPHHWHNTEITAPTGMFYG_Brazil_DELIM-SEPHHWHNTEITAPTGMFYG_RS-CoV-0159_DELIM-SEPHHWHNTEITAPTGMFYG_2023              0.63%    passed     99.99%
  55  hCoV-19_DELIM-SEPHHWHNTEITAPTGMFYG_Brazil_DELIM-SEPHHWHNTEITAPTGMFYG_RS-211-66458-794_DELIM-SEPHHWHNTEITAPTGMFYG_2022         1.43%    passed     99.96%
  56  hCoV-19_DELIM-SEPHHWHNTEITAPTGMFYG_Brazil_DELIM-SEPHHWHNTEITAPTGMFYG_RS-CoV-0048_DELIM-SEPHHWHNTEITAPTGMFYG_2022              2.34%    passed     99.79%
  57  hCoV-19_DELIM-SEPHHWHNTEITAPTGMFYG_Brazil_DELIM-SEPHHWHNTEITAPTGMFYG_RS-CoV-0124_DELIM-SEPHHWHNTEITAPTGMFYG_2023              0.63%    passed    100.00%
  58  hCoV-19_DELIM-SEPHHWHNTEITAPTGMFYG_Brazil_DELIM-SEPHHWHNTEITAPTGMFYG_RS-210-66457-193_DELIM-SEPHHWHNTEITAPTGMFYG_2022         0.63%    passed    100.00%
  59  hCoV-19_DELIM-SEPHHWHNTEITAPTGMFYG_Brazil_DELIM-SEPHHWHNTEITAPTGMFYG_RS-050-66447-45_DELIM-SEPHHWHNTEITAPTGMFYG_2022          1.44%    passed     99.99%
  60  hCoV-19_DELIM-SEPHHWHNTEITAPTGMFYG_Brazil_DELIM-SEPHHWHNTEITAPTGMFYG_RS-315-66444-618_DELIM-SEPHHWHNTEITAPTGMFYG_2022         0.64%    passed    100.00%
  61  hCoV-19_DELIM-SEPHHWHNTEITAPTGMFYG_Brazil_DELIM-SEPHHWHNTEITAPTGMFYG_RS-CoV-0033_DELIM-SEPHHWHNTEITAPTGMFYG_2022              1.44%    passed     99.99%
  62  hCoV-19_DELIM-SEPHHWHNTEITAPTGMFYG_Brazil_DELIM-SEPHHWHNTEITAPTGMFYG_RS-CoV-0145_DELIM-SEPHHWHNTEITAPTGMFYG_2023              0.66%    passed     99.98%
  63  hCoV-19_DELIM-SEPHHWHNTEITAPTGMFYG_Brazil_DELIM-SEPHHWHNTEITAPTGMFYG_RS-CoV-0157_DELIM-SEPHHWHNTEITAPTGMFYG_2023              2.17%    passed     99.91%
  64  hCoV-19_DELIM-SEPHHWHNTEITAPTGMFYG_Brazil_DELIM-SEPHHWHNTEITAPTGMFYG_RS-211-66452-936_DELIM-SEPHHWHNTEITAPTGMFYG_2022         0.65%    passed    100.00%
  65  hCoV-19_DELIM-SEPHHWHNTEITAPTGMFYG_Brazil_DELIM-SEPHHWHNTEITAPTGMFYG_RS-CoV-0196_DELIM-SEPHHWHNTEITAPTGMFYG_2023              0.64%    passed     99.99%
  66  hCoV-19_DELIM-SEPHHWHNTEITAPTGMFYG_Brazil_DELIM-SEPHHWHNTEITAPTGMFYG_RS-315-66462-531_DELIM-SEPHHWHNTEITAPTGMFYG_2022         1.47%    passed     99.97%
  67  hCoV-19_DELIM-SEPHHWHNTEITAPTGMFYG_Brazil_DELIM-SEPHHWHNTEITAPTGMFYG_RS-CoV-0126_DELIM-SEPHHWHNTEITAPTGMFYG_2023              3.91%    passed     98.14%
  68  hCoV-19_DELIM-SEPHHWHNTEITAPTGMFYG_Brazil_DELIM-SEPHHWHNTEITAPTGMFYG_RS-FIOCRUZ-4131_DELIM-SEPHHWHNTEITAPTGMFYG_2023          0.63%    passed    100.00%
  69  hCoV-19_DELIM-SEPHHWHNTEITAPTGMFYG_Brazil_DELIM-SEPHHWHNTEITAPTGMFYG_RS-FIOCRUZ-4130_DELIM-SEPHHWHNTEITAPTGMFYG_2023          0.63%    passed    100.00%
  70  hCoV-19_DELIM-SEPHHWHNTEITAPTGMFYG_Brazil_DELIM-SEPHHWHNTEITAPTGMFYG_RS-705-66448-685_DELIM-SEPHHWHNTEITAPTGMFYG_2022         1.54%    passed     99.98%
  71  hCoV-19_DELIM-SEPHHWHNTEITAPTGMFYG_Brazil_DELIM-SEPHHWHNTEITAPTGMFYG_RS-315-66458-489_DELIM-SEPHHWHNTEITAPTGMFYG_2022         0.70%    passed    100.00%
  72  hCoV-19_DELIM-SEPHHWHNTEITAPTGMFYG_Brazil_DELIM-SEPHHWHNTEITAPTGMFYG_RS-315-66448-897_DELIM-SEPHHWHNTEITAPTGMFYG_2022         3.96%    passed     99.46%
  73  hCoV-19_DELIM-SEPHHWHNTEITAPTGMFYG_Brazil_DELIM-SEPHHWHNTEITAPTGMFYG_RS-311-66462-902_DELIM-SEPHHWHNTEITAPTGMFYG_2022         1.44%    passed     99.99%
  74  hCoV-19_DELIM-SEPHHWHNTEITAPTGMFYG_Brazil_DELIM-SEPHHWHNTEITAPTGMFYG_RS-FIOCRUZ-28709_DELIM-SEPHHWHNTEITAPTGMFYG_2022         2.06%    passed     99.65%
  75  hCoV-19_DELIM-SEPHHWHNTEITAPTGMFYG_Brazil_DELIM-SEPHHWHNTEITAPTGMFYG_RS-FIOCRUZ-436_DELIM-SEPHHWHNTEITAPTGMFYG_2023           0.69%    passed     99.93%
  76  hCoV-19_DELIM-SEPHHWHNTEITAPTGMFYG_Brazil_DELIM-SEPHHWHNTEITAPTGMFYG_RS-LACENRS-431827166_DELIM-SEPHHWHNTEITAPTGMFYG_2023     0.44%    passed     99.81%
  77  hCoV-19_DELIM-SEPHHWHNTEITAPTGMFYG_Brazil_DELIM-SEPHHWHNTEITAPTGMFYG_RS-FIOCRUZ-452_DELIM-SEPHHWHNTEITAPTGMFYG_2023           1.64%    passed     99.56%
  78  hCoV-19_DELIM-SEPHHWHNTEITAPTGMFYG_Brazil_DELIM-SEPHHWHNTEITAPTGMFYG_RS-050-66438-433_DELIM-SEPHHWHNTEITAPTGMFYG_2022         2.10%    passed     99.75%
  79  hCoV-19_DELIM-SEPHHWHNTEITAPTGMFYG_Brazil_DELIM-SEPHHWHNTEITAPTGMFYG_RS-062-66438-721_DELIM-SEPHHWHNTEITAPTGMFYG_2022         0.49%    passed     99.98%
  80  hCoV-19_DELIM-SEPHHWHNTEITAPTGMFYG_Brazil_DELIM-SEPHHWHNTEITAPTGMFYG_RS-315-66438-750_DELIM-SEPHHWHNTEITAPTGMFYG_2022         1.33%    passed     99.94%
  81  hCoV-19_DELIM-SEPHHWHNTEITAPTGMFYG_Brazil_DELIM-SEPHHWHNTEITAPTGMFYG_RS-315-66440-108_DELIM-SEPHHWHNTEITAPTGMFYG_2022         1.03%    passed     99.92%
  82  hCoV-19_DELIM-SEPHHWHNTEITAPTGMFYG_Brazil_DELIM-SEPHHWHNTEITAPTGMFYG_RS-1076722-01_DELIM-SEPHHWHNTEITAPTGMFYG_2022            3.47%    passed     99.59%
  83  hCoV-19_DELIM-SEPHHWHNTEITAPTGMFYG_Brazil_DELIM-SEPHHWHNTEITAPTGMFYG_RS-711_DELIM-SEPHHWHNTEITAPTGMFYG_2022                   0.79%    passed     99.92%
  84  hCoV-19_DELIM-SEPHHWHNTEITAPTGMFYG_Brazil_DELIM-SEPHHWHNTEITAPTGMFYG_RS-LGBM-HMV-01-0035-P_DELIM-SEPHHWHNTEITAPTGMFYG_2022    1.31%    passed     99.95%
  85  hCoV-19_DELIM-SEPHHWHNTEITAPTGMFYG_Brazil_DELIM-SEPHHWHNTEITAPTGMFYG_RS-LGBM-HMV-01-0036-P_DELIM-SEPHHWHNTEITAPTGMFYG_2022    1.31%    passed     99.95%
  86  hCoV-19_DELIM-SEPHHWHNTEITAPTGMFYG_Brazil_DELIM-SEPHHWHNTEITAPTGMFYG_RS-LACENRS-431812833_DELIM-SEPHHWHNTEITAPTGMFYG_2022     0.33%    passed     99.61%
  87  hCoV-19_DELIM-SEPHHWHNTEITAPTGMFYG_Brazil_DELIM-SEPHHWHNTEITAPTGMFYG_RS-LMM73172_DELIM-SEPHHWHNTEITAPTGMFYG_2022              0.23%    passed     99.75%
  88  hCoV-19_DELIM-SEPHHWHNTEITAPTGMFYG_Brazil_DELIM-SEPHHWHNTEITAPTGMFYG_RS-LMM73607_DELIM-SEPHHWHNTEITAPTGMFYG_2022              0.46%    passed     99.94%
  89  hCoV-19_DELIM-SEPHHWHNTEITAPTGMFYG_Brazil_DELIM-SEPHHWHNTEITAPTGMFYG_RS-LMM73087_DELIM-SEPHHWHNTEITAPTGMFYG_2022              1.39%    passed     99.75%
  90  hCoV-19_DELIM-SEPHHWHNTEITAPTGMFYG_Brazil_DELIM-SEPHHWHNTEITAPTGMFYG_RS-LACENRS-431812786_DELIM-SEPHHWHNTEITAPTGMFYG_2022     0.62%    passed     99.85%
  91  hCoV-19_DELIM-SEPHHWHNTEITAPTGMFYG_Brazil_DELIM-SEPHHWHNTEITAPTGMFYG_RS-LMM73086_DELIM-SEPHHWHNTEITAPTGMFYG_2022              1.97%    passed     99.55%
  92  hCoV-19_DELIM-SEPHHWHNTEITAPTGMFYG_Brazil_DELIM-SEPHHWHNTEITAPTGMFYG_RS-LACEN-431819566_DELIM-SEPHHWHNTEITAPTGMFYG_2023       1.80%    passed     98.80%
  93  hCoV-19_DELIM-SEPHHWHNTEITAPTGMFYG_Brazil_DELIM-SEPHHWHNTEITAPTGMFYG_RS-LACEN-431819595_DELIM-SEPHHWHNTEITAPTGMFYG_2023       1.00%    passed     99.33%
  94  hCoV-19_DELIM-SEPHHWHNTEITAPTGMFYG_Brazil_DELIM-SEPHHWHNTEITAPTGMFYG_RS-FIOCRUZ-470_DELIM-SEPHHWHNTEITAPTGMFYG_2023           0.78%    passed     99.95%
  95  hCoV-19_DELIM-SEPHHWHNTEITAPTGMFYG_Brazil_DELIM-SEPHHWHNTEITAPTGMFYG_RS-LMM73174_DELIM-SEPHHWHNTEITAPTGMFYG_2022              0.14%    passed     99.09%
  96  hCoV-19_DELIM-SEPHHWHNTEITAPTGMFYG_Brazil_DELIM-SEPHHWHNTEITAPTGMFYG_RS-LACENRS-431812828_DELIM-SEPHHWHNTEITAPTGMFYG_2022     0.67%    passed     99.81%
  97  hCoV-19_DELIM-SEPHHWHNTEITAPTGMFYG_Brazil_DELIM-SEPHHWHNTEITAPTGMFYG_RS-LMM-72969_DELIM-SEPHHWHNTEITAPTGMFYG_2022             0.18%    passed     99.63%
  98  hCoV-19_DELIM-SEPHHWHNTEITAPTGMFYG_Brazil_DELIM-SEPHHWHNTEITAPTGMFYG_RS-LMM-72978_DELIM-SEPHHWHNTEITAPTGMFYG_2022             0.13%    passed     99.55%
  99  hCoV-19_DELIM-SEPHHWHNTEITAPTGMFYG_Brazil_DELIM-SEPHHWHNTEITAPTGMFYG_RS-LMM-72976_DELIM-SEPHHWHNTEITAPTGMFYG_2022             0.20%    passed     99.32%
 100  hCoV-19_DELIM-SEPHHWHNTEITAPTGMFYG_Brazil_DELIM-SEPHHWHNTEITAPTGMFYG_RS-LACENRS-431812802_DELIM-SEPHHWHNTEITAPTGMFYG_2022     1.21%    passed     99.35%
 101  hCoV-19_DELIM-SEPHHWHNTEITAPTGMFYG_Brazil_DELIM-SEPHHWHNTEITAPTGMFYG_RS-315-66456-781_DELIM-SEPHHWHNTEITAPTGMFYG_2022         2.38%    passed     99.33%
 102  hCoV-19_DELIM-SEPHHWHNTEITAPTGMFYG_Brazil_DELIM-SEPHHWHNTEITAPTGMFYG_RS-CoV-0233_DELIM-SEPHHWHNTEITAPTGMFYG_2023              2.36%    passed     99.14%
 103  hCoV-19_DELIM-SEPHHWHNTEITAPTGMFYG_Brazil_DELIM-SEPHHWHNTEITAPTGMFYG_RS-CoV-0187_DELIM-SEPHHWHNTEITAPTGMFYG_2023              4.82%    passed     99.10%
 104  hCoV-19_DELIM-SEPHHWHNTEITAPTGMFYG_Brazil_DELIM-SEPHHWHNTEITAPTGMFYG_RS-LACENRS-431827098_DELIM-SEPHHWHNTEITAPTGMFYG_2023     1.29%    passed     99.29%
 105  hCoV-19_DELIM-SEPHHWHNTEITAPTGMFYG_Brazil_DELIM-SEPHHWHNTEITAPTGMFYG_RS-LACENRS-431827120_DELIM-SEPHHWHNTEITAPTGMFYG_2023     1.25%    passed     99.81%
 106  hCoV-19_DELIM-SEPHHWHNTEITAPTGMFYG_Brazil_DELIM-SEPHHWHNTEITAPTGMFYG_RS-1077182-01_DELIM-SEPHHWHNTEITAPTGMFYG_2022            3.58%    passed     99.38%
 107  hCoV-19_DELIM-SEPHHWHNTEITAPTGMFYG_Brazil_DELIM-SEPHHWHNTEITAPTGMFYG_RS-LACENRS-431827164_DELIM-SEPHHWHNTEITAPTGMFYG_2023     1.28%    passed     99.16%
 108  hCoV-19_DELIM-SEPHHWHNTEITAPTGMFYG_Brazil_DELIM-SEPHHWHNTEITAPTGMFYG_RS-LGBM-HMV-01-0089-F_DELIM-SEPHHWHNTEITAPTGMFYG_2022    2.39%    passed     99.75%
 109  hCoV-19_DELIM-SEPHHWHNTEITAPTGMFYG_Brazil_DELIM-SEPHHWHNTEITAPTGMFYG_RS-LGBM-HMV-01-0040-F_DELIM-SEPHHWHNTEITAPTGMFYG_2022    5.19%    passed     92.19%
 110  hCoV-19_DELIM-SEPHHWHNTEITAPTGMFYG_Brazil_DELIM-SEPHHWHNTEITAPTGMFYG_RS-LGBM-HMV-01-0050-P_DELIM-SEPHHWHNTEITAPTGMFYG_2022    1.14%    passed     99.93%
 111  hCoV-19_DELIM-SEPHHWHNTEITAPTGMFYG_Brazil_DELIM-SEPHHWHNTEITAPTGMFYG_RS-LGBM-HMV-01-0066-P_DELIM-SEPHHWHNTEITAPTGMFYG_2022    1.05%    passed     99.71%
 112  hCoV-19_DELIM-SEPHHWHNTEITAPTGMFYG_Brazil_DELIM-SEPHHWHNTEITAPTGMFYG_RS-LGBM-HMV-01-0274-F_DELIM-SEPHHWHNTEITAPTGMFYG_2023    1.32%    passed     99.39%
 113  hCoV-19_DELIM-SEPHHWHNTEITAPTGMFYG_Brazil_DELIM-SEPHHWHNTEITAPTGMFYG_RS-FIOCRUZ-460_DELIM-SEPHHWHNTEITAPTGMFYG_2023           0.73%    passed     99.92%
 114  hCoV-19_DELIM-SEPHHWHNTEITAPTGMFYG_Brazil_DELIM-SEPHHWHNTEITAPTGMFYG_RS-CoV-0169_DELIM-SEPHHWHNTEITAPTGMFYG_2023              3.50%    passed     99.81%
 115  hCoV-19_DELIM-SEPHHWHNTEITAPTGMFYG_Brazil_DELIM-SEPHHWHNTEITAPTGMFYG_RS-CoV-0260_DELIM-SEPHHWHNTEITAPTGMFYG_2023              4.42%    passed     99.68%
 116  hCoV-19_DELIM-SEPHHWHNTEITAPTGMFYG_Brazil_DELIM-SEPHHWHNTEITAPTGMFYG_RS-FIOCRUZ-4079_DELIM-SEPHHWHNTEITAPTGMFYG_2023          0.61%    passed     99.93%
 117  hCoV-19_DELIM-SEPHHWHNTEITAPTGMFYG_Brazil_DELIM-SEPHHWHNTEITAPTGMFYG_RS-CoV-0152_DELIM-SEPHHWHNTEITAPTGMFYG_2023              2.74%    passed     99.89%
 118  hCoV-19_DELIM-SEPHHWHNTEITAPTGMFYG_Brazil_DELIM-SEPHHWHNTEITAPTGMFYG_RS-CoV-0176_DELIM-SEPHHWHNTEITAPTGMFYG_2023              1.23%    passed     99.76%
 119  hCoV-19_DELIM-SEPHHWHNTEITAPTGMFYG_Brazil_DELIM-SEPHHWHNTEITAPTGMFYG_RS-CoV-0191_DELIM-SEPHHWHNTEITAPTGMFYG_2023              1.23%    passed     99.77%
 120  hCoV-19_DELIM-SEPHHWHNTEITAPTGMFYG_Brazil_DELIM-SEPHHWHNTEITAPTGMFYG_RS-CoV-0192_DELIM-SEPHHWHNTEITAPTGMFYG_2023              4.41%    passed     99.69%
 121  hCoV-19_DELIM-SEPHHWHNTEITAPTGMFYG_Brazil_DELIM-SEPHHWHNTEITAPTGMFYG_RS-CoV-0193_DELIM-SEPHHWHNTEITAPTGMFYG_2023              1.23%    passed     99.87%
 122  hCoV-19_DELIM-SEPHHWHNTEITAPTGMFYG_Brazil_DELIM-SEPHHWHNTEITAPTGMFYG_RS-CoV-0185_DELIM-SEPHHWHNTEITAPTGMFYG_2023              1.24%    passed     99.80%
 123  hCoV-19_DELIM-SEPHHWHNTEITAPTGMFYG_Brazil_DELIM-SEPHHWHNTEITAPTGMFYG_RS-FIOCRUZ-4119_DELIM-SEPHHWHNTEITAPTGMFYG_2023          0.61%    passed     99.91%
 124  hCoV-19_DELIM-SEPHHWHNTEITAPTGMFYG_Brazil_DELIM-SEPHHWHNTEITAPTGMFYG_RS-CoV-0276_DELIM-SEPHHWHNTEITAPTGMFYG_2023              4.52%    passed     98.23%
 125  hCoV-19_DELIM-SEPHHWHNTEITAPTGMFYG_Brazil_DELIM-SEPHHWHNTEITAPTGMFYG_RS-CoV-0155_DELIM-SEPHHWHNTEITAPTGMFYG_2023              2.03%    passed     99.62%
 126  hCoV-19_DELIM-SEPHHWHNTEITAPTGMFYG_Brazil_DELIM-SEPHHWHNTEITAPTGMFYG_RS-CoV-0211_DELIM-SEPHHWHNTEITAPTGMFYG_2023              1.23%    passed     99.74%
 127  hCoV-19_DELIM-SEPHHWHNTEITAPTGMFYG_Brazil_DELIM-SEPHHWHNTEITAPTGMFYG_RS-505-66444-537_DELIM-SEPHHWHNTEITAPTGMFYG_2022         1.23%    passed     99.77%
 128  hCoV-19_DELIM-SEPHHWHNTEITAPTGMFYG_Brazil_DELIM-SEPHHWHNTEITAPTGMFYG_RS-062-66466-549_DELIM-SEPHHWHNTEITAPTGMFYG_2022         1.22%    passed     99.87%
 129  hCoV-19_DELIM-SEPHHWHNTEITAPTGMFYG_Brazil_DELIM-SEPHHWHNTEITAPTGMFYG_RS-FIOCRUZ-4080_DELIM-SEPHHWHNTEITAPTGMFYG_2023          0.61%    passed     99.90%
 130  hCoV-19_DELIM-SEPHHWHNTEITAPTGMFYG_Brazil_DELIM-SEPHHWHNTEITAPTGMFYG_RS-CoV-0210_DELIM-SEPHHWHNTEITAPTGMFYG_2023              1.22%    passed     99.80%
 131  hCoV-19_DELIM-SEPHHWHNTEITAPTGMFYG_Brazil_DELIM-SEPHHWHNTEITAPTGMFYG_RS-FIOCRUZ-4083_DELIM-SEPHHWHNTEITAPTGMFYG_2023          0.61%    passed     99.89%
 132  hCoV-19_DELIM-SEPHHWHNTEITAPTGMFYG_Brazil_DELIM-SEPHHWHNTEITAPTGMFYG_RS-CoV-0154_DELIM-SEPHHWHNTEITAPTGMFYG_2023              1.23%    passed     99.67%
 133  hCoV-19_DELIM-SEPHHWHNTEITAPTGMFYG_Brazil_DELIM-SEPHHWHNTEITAPTGMFYG_RS-CoV-0263_DELIM-SEPHHWHNTEITAPTGMFYG_2023              1.23%    passed     99.53%
 134  hCoV-19_DELIM-SEPHHWHNTEITAPTGMFYG_Brazil_DELIM-SEPHHWHNTEITAPTGMFYG_RS-CoV-0261_DELIM-SEPHHWHNTEITAPTGMFYG_2023              1.23%    passed     99.96%
 135  hCoV-19_DELIM-SEPHHWHNTEITAPTGMFYG_Brazil_DELIM-SEPHHWHNTEITAPTGMFYG_RS-CoV-0259_DELIM-SEPHHWHNTEITAPTGMFYG_2023              3.76%    passed     99.96%
 136  hCoV-19_DELIM-SEPHHWHNTEITAPTGMFYG_Brazil_DELIM-SEPHHWHNTEITAPTGMFYG_RS-CoV-0251_DELIM-SEPHHWHNTEITAPTGMFYG_2023              1.23%    passed     99.86%
 137  hCoV-19_DELIM-SEPHHWHNTEITAPTGMFYG_Brazil_DELIM-SEPHHWHNTEITAPTGMFYG_RS-CoV-0208_DELIM-SEPHHWHNTEITAPTGMFYG_2023              1.23%    passed     99.90%
 138  hCoV-19_DELIM-SEPHHWHNTEITAPTGMFYG_Brazil_DELIM-SEPHHWHNTEITAPTGMFYG_RS-CoV-0199_DELIM-SEPHHWHNTEITAPTGMFYG_2023              1.23%    passed     99.90%
 139  hCoV-19_DELIM-SEPHHWHNTEITAPTGMFYG_Brazil_DELIM-SEPHHWHNTEITAPTGMFYG_RS-FIOCRUZ-4078_DELIM-SEPHHWHNTEITAPTGMFYG_2023          0.61%    passed     99.90%
 140  hCoV-19_DELIM-SEPHHWHNTEITAPTGMFYG_Brazil_DELIM-SEPHHWHNTEITAPTGMFYG_RS-FIOCRUZ-4127_DELIM-SEPHHWHNTEITAPTGMFYG_2023          0.61%    passed     99.93%
 141  hCoV-19_DELIM-SEPHHWHNTEITAPTGMFYG_Brazil_DELIM-SEPHHWHNTEITAPTGMFYG_RS-FIOCRUZ-4128_DELIM-SEPHHWHNTEITAPTGMFYG_2023          4.69%    passed     94.93%
 142  hCoV-19_DELIM-SEPHHWHNTEITAPTGMFYG_Brazil_DELIM-SEPHHWHNTEITAPTGMFYG_RS-FIOCRUZ-4122_DELIM-SEPHHWHNTEITAPTGMFYG_2023          0.65%    passed     99.96%
 143  hCoV-19_DELIM-SEPHHWHNTEITAPTGMFYG_Brazil_DELIM-SEPHHWHNTEITAPTGMFYG_RS-CoV-0250_DELIM-SEPHHWHNTEITAPTGMFYG_2023              3.68%    passed     99.93%
 144  hCoV-19_DELIM-SEPHHWHNTEITAPTGMFYG_Brazil_DELIM-SEPHHWHNTEITAPTGMFYG_RS-CoV-0231_DELIM-SEPHHWHNTEITAPTGMFYG_2023              4.81%    passed     97.37%
 145  hCoV-19_DELIM-SEPHHWHNTEITAPTGMFYG_Brazil_DELIM-SEPHHWHNTEITAPTGMFYG_RS-FIOCRUZ-4100_DELIM-SEPHHWHNTEITAPTGMFYG_2023          3.03%    passed     99.47%
 146  hCoV-19_DELIM-SEPHHWHNTEITAPTGMFYG_Brazil_DELIM-SEPHHWHNTEITAPTGMFYG_RS-FIOCRUZ-4135_DELIM-SEPHHWHNTEITAPTGMFYG_2023          1.06%    passed     99.98%
 147  hCoV-19_DELIM-SEPHHWHNTEITAPTGMFYG_Brazil_DELIM-SEPHHWHNTEITAPTGMFYG_RS-FIOCRUZ-4114_DELIM-SEPHHWHNTEITAPTGMFYG_2023          0.70%    passed     99.92%
 148  hCoV-19_DELIM-SEPHHWHNTEITAPTGMFYG_Brazil_DELIM-SEPHHWHNTEITAPTGMFYG_RS-FIOCRUZ-4108_DELIM-SEPHHWHNTEITAPTGMFYG_2023          1.40%    passed    100.00%
 149  hCoV-19_DELIM-SEPHHWHNTEITAPTGMFYG_Brazil_DELIM-SEPHHWHNTEITAPTGMFYG_RS-FIOCRUZ-4133_DELIM-SEPHHWHNTEITAPTGMFYG_2023          2.05%    passed     99.74%
 150  hCoV-19_DELIM-SEPHHWHNTEITAPTGMFYG_Brazil_DELIM-SEPHHWHNTEITAPTGMFYG_RS-LACENRS-431827159_DELIM-SEPHHWHNTEITAPTGMFYG_2023     1.05%    passed     99.81%
 151  hCoV-19_DELIM-SEPHHWHNTEITAPTGMFYG_Brazil_DELIM-SEPHHWHNTEITAPTGMFYG_RS-CoV-0177_DELIM-SEPHHWHNTEITAPTGMFYG_2023              4.68%    passed     93.76%
 152  hCoV-19_DELIM-SEPHHWHNTEITAPTGMFYG_Brazil_DELIM-SEPHHWHNTEITAPTGMFYG_RS-CoV-0109_DELIM-SEPHHWHNTEITAPTGMFYG_2023              0.60%    passed     99.98%
 153  hCoV-19_DELIM-SEPHHWHNTEITAPTGMFYG_Brazil_DELIM-SEPHHWHNTEITAPTGMFYG_RS-CoV-0151_DELIM-SEPHHWHNTEITAPTGMFYG_2023              1.48%    passed     99.49%
 154  hCoV-19_DELIM-SEPHHWHNTEITAPTGMFYG_Brazil_DELIM-SEPHHWHNTEITAPTGMFYG_RS-CoV-0180_DELIM-SEPHHWHNTEITAPTGMFYG_2023              4.58%    passed     97.25%
 155  hCoV-19_DELIM-SEPHHWHNTEITAPTGMFYG_Brazil_DELIM-SEPHHWHNTEITAPTGMFYG_RS-CoV-0150_DELIM-SEPHHWHNTEITAPTGMFYG_2023              2.31%    passed     98.66%
 156  hCoV-19_DELIM-SEPHHWHNTEITAPTGMFYG_Brazil_DELIM-SEPHHWHNTEITAPTGMFYG_RS-LACENRS-431812817_DELIM-SEPHHWHNTEITAPTGMFYG_2022     1.01%    passed     99.15%
 157  hCoV-19_DELIM-SEPHHWHNTEITAPTGMFYG_Brazil_DELIM-SEPHHWHNTEITAPTGMFYG_RS-LACEN-431819577_DELIM-SEPHHWHNTEITAPTGMFYG_2023       2.44%    passed     97.27%
 158  hCoV-19_DELIM-SEPHHWHNTEITAPTGMFYG_Brazil_DELIM-SEPHHWHNTEITAPTGMFYG_RS-705-66438-422_DELIM-SEPHHWHNTEITAPTGMFYG_2022         1.45%    passed     99.59%
 159  hCoV-19_DELIM-SEPHHWHNTEITAPTGMFYG_Brazil_DELIM-SEPHHWHNTEITAPTGMFYG_RS-CoV-0162_DELIM-SEPHHWHNTEITAPTGMFYG_2023              4.54%    passed     99.22%
 160  hCoV-19_DELIM-SEPHHWHNTEITAPTGMFYG_Brazil_DELIM-SEPHHWHNTEITAPTGMFYG_RS-CoV-0183_DELIM-SEPHHWHNTEITAPTGMFYG_2023              3.50%    passed     99.32%
 161  hCoV-19_DELIM-SEPHHWHNTEITAPTGMFYG_Brazil_DELIM-SEPHHWHNTEITAPTGMFYG_RS-CoV-0188_DELIM-SEPHHWHNTEITAPTGMFYG_2023              4.27%    passed     96.98%
 162  hCoV-19_DELIM-SEPHHWHNTEITAPTGMFYG_Brazil_DELIM-SEPHHWHNTEITAPTGMFYG_RS-315-66445-935_DELIM-SEPHHWHNTEITAPTGMFYG_2022         1.31%    passed     99.77%
 163  hCoV-19_DELIM-SEPHHWHNTEITAPTGMFYG_Brazil_DELIM-SEPHHWHNTEITAPTGMFYG_RS-315-66440-195_DELIM-SEPHHWHNTEITAPTGMFYG_2022         1.33%    passed     99.96%
 164  hCoV-19_DELIM-SEPHHWHNTEITAPTGMFYG_Brazil_DELIM-SEPHHWHNTEITAPTGMFYG_RS-FIOCRUZ-4084_DELIM-SEPHHWHNTEITAPTGMFYG_2023          2.69%    passed     98.54%
 165  hCoV-19_DELIM-SEPHHWHNTEITAPTGMFYG_Brazil_DELIM-SEPHHWHNTEITAPTGMFYG_RS-FIOCRUZ-493_DELIM-SEPHHWHNTEITAPTGMFYG_2023           5.18%    passed     94.85%
 166  hCoV-19_DELIM-SEPHHWHNTEITAPTGMFYG_Brazil_DELIM-SEPHHWHNTEITAPTGMFYG_RS-LGBM-HMV-01-0186-F_DELIM-SEPHHWHNTEITAPTGMFYG_2022    5.61%    passed     95.17%
****  TOTAL                                                                                                                         1.65%  0 sequences failed composition chi2 test (p-value<5%; df=3)

Create initial parsimony tree by phylogenetic likelihood library (PLL)... 0.025 seconds

NOTE: 9 MB RAM (0 GB) is required!
Measuring multi-threading efficiency up to 1 CPU cores
Increase to 10 rounds for branch lengths
6 trees examined
Threads: 1 / Time: 1.019 sec / Speedup: 1.000 / Efficiency: 100% / LogL: -72487
BEST NUMBER OF THREADS: 1

Estimate model parameters (epsilon = 0.500)
1. Initial log-likelihood: -51188.687
2. Current log-likelihood: -50687.047
Optimal log-likelihood: -50686.789
Rate parameters:  A-C: 0.80956  A-G: 1.90639  A-T: 0.24195  C-G: 0.44025  C-T: 5.14160  G-T: 1.00000
Base frequencies:  A: 0.299  C: 0.183  G: 0.196  T: 0.322
Parameters optimization took 2 rounds (1.452 sec)
Wrote distance file to... 
Computing ML distances based on estimated model parameters...
Calculating distance matrix: done in 0.119695 secs using 99.39% CPU
Computing ML distances took 0.120930 sec (of wall-clock time) 0.120187 sec (of CPU time)
Setting up auxiliary I and S matrices: done in 0.000734374 secs using 104% CPU
Computing RapidNJ tree took 0.003049 sec (of wall-clock time) 0.003169 sec (of CPU time)
Log-likelihood of RapidNJ tree: -50848.581
--------------------------------------------------------------------
|             INITIALIZING CANDIDATE TREE SET                      |
--------------------------------------------------------------------

Do NNI search on 2 best initial trees
Estimate model parameters (epsilon = 0.500)
BETTER TREE FOUND at iteration 1: -50657.380
Finish initializing candidate tree set (4)
Current best tree score: -50657.380 / CPU time: 1.039
Number of iterations: 2
TREE SEARCH COMPLETED AFTER 2 ITERATIONS / Time: 0h:0m:3s

--------------------------------------------------------------------
|                    FINALIZING TREE SEARCH                        |
--------------------------------------------------------------------
Performs final model parameters optimization
Estimate model parameters (epsilon = 0.050)
1. Initial log-likelihood: -50657.380
Optimal log-likelihood: -50657.376
Rate parameters:  A-C: 0.80562  A-G: 1.90704  A-T: 0.23704  C-G: 0.43640  C-T: 5.14184  G-T: 1.00000
Base frequencies:  A: 0.299  C: 0.183  G: 0.196  T: 0.322
Parameters optimization took 1 rounds (0.084 sec)
BEST SCORE FOUND : -50657.376
Total tree length: 0.034

Total number of iterations: 2
CPU time used for tree search: 0.977 sec (0h:0m:0s)
Wall-clock time used for tree search: 1.040 sec (0h:0m:1s)
Total CPU time used: 3.714 sec (0h:0m:3s)
Total wall-clock time used: 3.933 sec (0h:0m:3s)

Analysis results written to: 
  IQ-TREE report:                results/alignment_brazil-delim.fasta.iqtree
  Maximum-likelihood tree:       results/alignment_brazil-delim.fasta.treefile
  Likelihood distances:          results/alignment_brazil-delim.fasta.mldist
  Screen log file:               results/alignment_brazil-delim.fasta.log

Date and Time: Sun Nov  3 21:13:06 2024
